INFO 2024-04-29 17:13:59,436 Watching for file changes with StatReloader
INFO 2024-04-29 17:14:34,795 "GET / HTTP/1.1" 302 0
INFO 2024-04-29 17:14:35,025 "GET /accounts/login/?next=/ HTTP/1.1" 200 4199
INFO 2024-04-29 17:14:35,249 "GET /static/dist/css/login-page.css HTTP/1.1" 200 8610
INFO 2024-04-29 17:14:35,353 "GET /static/dist/img/lake.png HTTP/1.1" 200 211327
WARNING 2024-04-29 17:14:35,710 Not Found: /favicon.ico
INFO 2024-04-29 17:14:39,713 "POST /accounts/login/ HTTP/1.1" 302 0
INFO 2024-04-29 17:14:39,968 "GET / HTTP/1.1" 200 12358
WARNING 2024-04-29 17:14:40,188 "GET /static/css/bootstrap.min.css HTTP/1.1" 404 1822
INFO 2024-04-29 17:14:40,194 "GET /static/plugins/Datatables/datatables.min.css HTTP/1.1" 200 25780
INFO 2024-04-29 17:14:47,809 "GET /expenditures/expenditures/ HTTP/1.1" 200 15844
WARNING 2024-04-29 17:14:47,863 "GET /static/css/bootstrap.min.css HTTP/1.1" 404 1822
INFO 2024-04-29 17:15:03,365 "GET /expenditures/categories/ HTTP/1.1" 200 14468
WARNING 2024-04-29 17:15:03,419 "GET /static/css/bootstrap.min.css HTTP/1.1" 404 1822
WARNING 2024-04-29 17:15:03,875 Not Found: /favicon.ico
INFO 2024-04-29 17:15:05,475 "GET /expenditures/categories/create/ HTTP/1.1" 200 13417
WARNING 2024-04-29 17:15:05,537 "GET /static/css/bootstrap.min.css HTTP/1.1" 404 1822
WARNING 2024-04-29 17:15:06,027 Not Found: /favicon.ico
INFO 2024-04-29 17:15:09,721 "POST /expenditures/categories/create/ HTTP/1.1" 302 0
INFO 2024-04-29 17:15:09,913 "GET /expenditures/categories/ HTTP/1.1" 200 15043
WARNING 2024-04-29 17:15:09,981 "GET /static/css/bootstrap.min.css HTTP/1.1" 404 1822
WARNING 2024-04-29 17:15:10,668 Not Found: /favicon.ico
INFO 2024-04-29 17:15:13,133 "GET /expenditures/expenditures/create/?category=2 HTTP/1.1" 200 14012
WARNING 2024-04-29 17:15:13,172 "GET /static/css/bootstrap.min.css HTTP/1.1" 404 1822
INFO 2024-04-29 17:15:15,888 "GET /expenditures/expenditures/ HTTP/1.1" 302 0
INFO 2024-04-29 17:15:44,535 "POST /expenditures/expenditures/create/?category=2 HTTP/1.1" 302 0
INFO 2024-04-29 17:15:44,708 "GET /expenditures/expenditures/ HTTP/1.1" 200 17494
WARNING 2024-04-29 17:15:44,822 "GET /static/css/bootstrap.min.css HTTP/1.1" 404 1822
INFO 2024-04-29 17:15:53,159 "GET /finance/list/ HTTP/1.1" 200 15512
WARNING 2024-04-29 17:15:53,226 "GET /static/css/bootstrap.min.css HTTP/1.1" 404 1822
INFO 2024-04-29 17:15:55,236 "GET /finance/invoices/ HTTP/1.1" 200 18093
WARNING 2024-04-29 17:15:55,304 "GET /static/css/bootstrap.min.css HTTP/1.1" 404 1822
INFO 2024-04-29 17:15:58,295 "GET /finance/invoices/ HTTP/1.1" 200 18093
WARNING 2024-04-29 17:15:58,348 "GET /static/css/bootstrap.min.css HTTP/1.1" 404 1822
INFO 2024-04-29 17:16:01,477 "GET /expenditures/expenditures/ HTTP/1.1" 200 17494
WARNING 2024-04-29 17:16:01,535 "GET /static/css/bootstrap.min.css HTTP/1.1" 404 1822
INFO 2024-04-29 17:16:03,538 "GET /expenditures/invoices/ HTTP/1.1" 200 14145
WARNING 2024-04-29 17:16:03,597 "GET /static/css/bootstrap.min.css HTTP/1.1" 404 1822
INFO 2024-04-29 17:16:06,201 "GET /result/create/ HTTP/1.1" 200 13952
WARNING 2024-04-29 17:16:06,259 "GET /static/css/bootstrap.min.css HTTP/1.1" 404 1822
INFO 2024-04-29 17:16:10,496 "GET /result/edit-results/ HTTP/1.1" 200 15450
WARNING 2024-04-29 17:16:10,548 "GET /static/css/bootstrap.min.css HTTP/1.1" 404 1822
INFO 2024-04-29 17:16:14,295 "GET /result/class/ HTTP/1.1" 200 12806
WARNING 2024-04-29 17:16:14,330 "GET /static/css/bootstrap.min.css HTTP/1.1" 404 1822
INFO 2024-04-29 17:16:17,272 "GET /finance/list/ HTTP/1.1" 200 15512
WARNING 2024-04-29 17:16:17,343 "GET /static/css/bootstrap.min.css HTTP/1.1" 404 1822
INFO 2024-04-29 17:16:19,927 "GET /event/ HTTP/1.1" 200 12289
WARNING 2024-04-29 17:16:19,980 "GET /static/css/bootstrap.min.css HTTP/1.1" 404 1822
INFO 2024-04-29 17:16:22,111 "GET /finance/invoices/ HTTP/1.1" 200 18093
WARNING 2024-04-29 17:16:22,169 "GET /static/css/bootstrap.min.css HTTP/1.1" 404 1822
INFO 2024-04-29 17:31:47,052 /home/kizito/element_zone/apps/finance/views.py changed, reloading.
INFO 2024-04-29 17:31:49,054 Watching for file changes with StatReloader
INFO 2024-04-29 17:32:46,427 "GET / HTTP/1.1" 200 12358
INFO 2024-04-29 17:32:46,732 "GET /static/plugins/overlayScrollbars/css/OverlayScrollbars.min.css HTTP/1.1" 200 19724
INFO 2024-04-29 17:32:46,734 "GET /static/plugins/toastr/toastr.min.js HTTP/1.1" 200 5251
INFO 2024-04-29 17:32:46,735 "GET /static/plugins/toastr/toastr.min.css HTTP/1.1" 200 6454
INFO 2024-04-29 17:32:46,766 "GET /static/plugins/Datatables/datatables.min.css HTTP/1.1" 200 25780
WARNING 2024-04-29 17:32:47,054 "GET /static/css/bootstrap.min.css HTTP/1.1" 404 1822
INFO 2024-04-29 17:32:47,200 "GET /static/plugins/fontawesome-free/webfonts/fa-regular-400.woff2 HTTP/1.1" 200 13584
WARNING 2024-04-29 17:32:47,663 Not Found: /favicon.ico
INFO 2024-04-29 17:32:51,390 "GET /finance/list/ HTTP/1.1" 200 15512
WARNING 2024-04-29 17:32:51,420 "GET /static/css/bootstrap.min.css HTTP/1.1" 404 1822
INFO 2024-04-29 17:32:55,628 "GET /event/ HTTP/1.1" 200 12289
WARNING 2024-04-29 17:32:55,691 "GET /static/css/bootstrap.min.css HTTP/1.1" 404 1822
INFO 2024-04-29 17:32:58,489 "GET /finance/invoices/ HTTP/1.1" 200 18093
WARNING 2024-04-29 17:32:58,555 "GET /static/css/bootstrap.min.css HTTP/1.1" 404 1822
INFO 2024-04-29 17:33:00,872 "GET /finance/invoices/5/ HTTP/1.1" 200 1174
INFO 2024-04-29 17:33:02,488 "GET /finance/invoices/5/delete/ HTTP/1.1" 200 909
INFO 2024-04-29 17:33:04,055 "POST /finance/invoices/5/delete/ HTTP/1.1" 302 0
INFO 2024-04-29 17:33:04,244 "GET /finance/invoices/ HTTP/1.1" 200 16109
WARNING 2024-04-29 17:33:04,346 "GET /static/css/bootstrap.min.css HTTP/1.1" 404 1822
INFO 2024-04-29 17:33:07,360 "GET /expenditures/expenditures/ HTTP/1.1" 200 17494
WARNING 2024-04-29 17:33:07,422 "GET /static/css/bootstrap.min.css HTTP/1.1" 404 1822
INFO 2024-04-29 17:49:44,972 /home/kizito/element_zone/apps/result/views.py changed, reloading.
INFO 2024-04-29 17:49:45,938 Watching for file changes with StatReloader
INFO 2024-04-29 17:51:05,330 /home/kizito/element_zone/apps/result/views.py changed, reloading.
INFO 2024-04-29 17:51:05,766 Watching for file changes with StatReloader
INFO 2024-04-29 17:51:47,727 /home/kizito/element_zone/apps/result/views.py changed, reloading.
INFO 2024-04-29 17:51:48,211 Watching for file changes with StatReloader
INFO 2024-04-29 17:51:56,362 "GET / HTTP/1.1" 200 12358
WARNING 2024-04-29 17:51:56,435 "GET /static/css/bootstrap.min.css HTTP/1.1" 404 1822
INFO 2024-04-29 17:52:01,523 "GET /finance/list/ HTTP/1.1" 200 15512
WARNING 2024-04-29 17:52:01,581 "GET /static/css/bootstrap.min.css HTTP/1.1" 404 1822
INFO 2024-04-29 17:52:03,810 "GET /finance/invoices/ HTTP/1.1" 200 16109
WARNING 2024-04-29 17:52:03,865 "GET /static/css/bootstrap.min.css HTTP/1.1" 404 1822
INFO 2024-04-29 17:52:05,735 "GET /expenditures/categories/ HTTP/1.1" 200 14898
WARNING 2024-04-29 17:52:05,798 "GET /static/css/bootstrap.min.css HTTP/1.1" 404 1822
INFO 2024-04-29 17:52:25,133 "GET /expenditures/invoices/ HTTP/1.1" 200 14145
WARNING 2024-04-29 17:52:25,166 "GET /static/css/bootstrap.min.css HTTP/1.1" 404 1822
INFO 2024-04-29 17:52:29,891 "GET /result/create/ HTTP/1.1" 200 13952
WARNING 2024-04-29 17:52:29,948 "GET /static/css/bootstrap.min.css HTTP/1.1" 404 1822
INFO 2024-04-29 17:52:35,101 "POST /result/create/ HTTP/1.1" 200 14922
WARNING 2024-04-29 17:52:35,150 "GET /static/css/bootstrap.min.css HTTP/1.1" 404 1822
INFO 2024-04-29 17:52:41,720 "POST /result/create/ HTTP/1.1" 302 0
INFO 2024-04-29 17:52:41,902 "GET /result/edit-results/ HTTP/1.1" 200 16249
WARNING 2024-04-29 17:52:42,006 "GET /static/css/bootstrap.min.css HTTP/1.1" 404 1822
INFO 2024-04-29 17:52:53,634 "POST /result/edit-results/ HTTP/1.1" 302 0
INFO 2024-04-29 17:52:53,782 "GET /result/edit-results/ HTTP/1.1" 200 16414
WARNING 2024-04-29 17:52:53,878 "GET /static/css/bootstrap.min.css HTTP/1.1" 404 1822
INFO 2024-04-29 17:52:58,902 "GET /result/single/class/list HTTP/1.1" 200 12824
WARNING 2024-04-29 17:52:58,958 "GET /static/css/bootstrap.min.css HTTP/1.1" 404 1822
INFO 2024-04-29 17:53:01,070 "POST /result/single/class/list HTTP/1.1" 302 0
INFO 2024-04-29 17:53:01,268 "GET /result/single/class/result/4/ HTTP/1.1" 200 15071
WARNING 2024-04-29 17:53:01,330 "GET /static/css/bootstrap.min.css HTTP/1.1" 404 1822
INFO 2024-04-29 17:53:14,508 "GET /result/class/ HTTP/1.1" 200 12806
WARNING 2024-04-29 17:53:14,564 "GET /static/css/bootstrap.min.css HTTP/1.1" 404 1822
INFO 2024-04-29 17:53:17,434 "POST /result/class/ HTTP/1.1" 302 0
INFO 2024-04-29 17:53:17,673 "GET /result/class/results/4/ HTTP/1.1" 200 16353
WARNING 2024-04-29 17:53:17,771 "GET /static/css/bootstrap.min.css HTTP/1.1" 404 1822
INFO 2024-04-29 17:54:11,384 /home/kizito/element_zone/apps/students/views.py changed, reloading.
INFO 2024-04-29 17:54:11,869 Watching for file changes with StatReloader
INFO 2024-04-29 18:04:20,018 /home/kizito/element_zone/apps/students/views.py changed, reloading.
INFO 2024-04-29 18:04:21,091 Watching for file changes with StatReloader
INFO 2024-04-29 18:04:24,544 /home/kizito/element_zone/apps/students/views.py changed, reloading.
INFO 2024-04-29 18:04:24,897 Watching for file changes with StatReloader
INFO 2024-04-29 18:05:04,242 /home/kizito/element_zone/apps/students/views.py changed, reloading.
INFO 2024-04-29 18:05:04,587 Watching for file changes with StatReloader
INFO 2024-04-29 18:06:13,095 Watching for file changes with StatReloader
INFO 2024-04-29 18:07:45,928 /home/kizito/element_zone/apps/students/views.py changed, reloading.
INFO 2024-04-29 18:07:46,288 Watching for file changes with StatReloader
INFO 2024-04-29 18:08:44,192 /home/kizito/element_zone/apps/students/views.py changed, reloading.
INFO 2024-04-29 18:08:44,557 Watching for file changes with StatReloader
INFO 2024-04-29 18:12:00,421 /home/kizito/element_zone/school_properties/views.py changed, reloading.
INFO 2024-04-29 18:12:00,876 Watching for file changes with StatReloader
INFO 2024-04-29 18:13:42,306 /home/kizito/element_zone/school_properties/views.py changed, reloading.
INFO 2024-04-29 18:13:42,758 Watching for file changes with StatReloader
INFO 2024-04-29 18:17:25,467 /home/kizito/element_zone/school_properties/views.py changed, reloading.
INFO 2024-04-29 18:17:25,929 Watching for file changes with StatReloader
INFO 2024-04-29 18:19:55,672 /home/kizito/element_zone/school_properties/views.py changed, reloading.
INFO 2024-04-29 18:19:56,162 Watching for file changes with StatReloader
INFO 2024-04-29 18:20:00,980 /home/kizito/element_zone/school_properties/views.py changed, reloading.
INFO 2024-04-29 18:20:01,408 Watching for file changes with StatReloader
INFO 2024-04-29 18:21:37,409 /home/kizito/element_zone/school_properties/admin.py changed, reloading.
INFO 2024-04-29 18:21:37,875 Watching for file changes with StatReloader
INFO 2024-04-29 18:22:58,636 /home/kizito/element_zone/expenditures/admin.py changed, reloading.
INFO 2024-04-29 18:22:59,152 Watching for file changes with StatReloader
INFO 2024-04-29 18:23:43,646 /home/kizito/element_zone/expenditures/models.py changed, reloading.
INFO 2024-04-29 18:23:44,008 Watching for file changes with StatReloader
INFO 2024-04-29 18:28:28,649 /home/kizito/element_zone/expenditures/admin.py changed, reloading.
INFO 2024-04-29 18:28:29,003 Watching for file changes with StatReloader
INFO 2024-05-01 09:04:46,013 Watching for file changes with StatReloader
INFO 2024-05-01 09:06:15,565 "GET / HTTP/1.1" 302 0
INFO 2024-05-01 09:06:15,891 "GET /accounts/login/?next=/ HTTP/1.1" 200 4199
INFO 2024-05-01 09:06:16,294 "GET /static/dist/img/lake.png HTTP/1.1" 200 211327
INFO 2024-05-01 09:06:19,981 "POST /accounts/login/ HTTP/1.1" 302 0
INFO 2024-05-01 09:06:20,179 "GET / HTTP/1.1" 200 12358
WARNING 2024-05-01 09:06:20,526 "GET /static/css/bootstrap.min.css HTTP/1.1" 404 1822
INFO 2024-05-01 09:06:23,724 "GET /goto-admin/ HTTP/1.1" 302 0
INFO 2024-05-01 09:06:24,045 "GET /admin/ HTTP/1.1" 200 11228
INFO 2024-05-01 09:06:24,186 "GET /static/admin/css/dark_mode.css HTTP/1.1" 200 2929
INFO 2024-05-01 09:06:24,191 "GET /static/admin/css/dashboard.css HTTP/1.1" 200 441
INFO 2024-05-01 09:06:24,193 "GET /static/admin/js/nav_sidebar.js HTTP/1.1" 200 3063
INFO 2024-05-01 09:06:24,193 "GET /static/admin/js/theme.js HTTP/1.1" 200 1943
INFO 2024-05-01 09:06:24,194 "GET /static/admin/css/nav_sidebar.css HTTP/1.1" 200 2694
INFO 2024-05-01 09:06:24,204 "GET /static/admin/css/base.css HTTP/1.1" 200 21310
INFO 2024-05-01 09:06:24,268 "GET /static/admin/css/responsive.css HTTP/1.1" 200 18559
INFO 2024-05-01 09:06:24,282 "GET /static/admin/img/icon-addlink.svg HTTP/1.1" 200 331
INFO 2024-05-01 09:06:24,283 "GET /static/admin/img/icon-changelink.svg HTTP/1.1" 200 380
INFO 2024-05-01 09:06:46,337 "GET /admin/auth/group/ HTTP/1.1" 200 11558
INFO 2024-05-01 09:06:46,485 "GET /static/admin/css/changelists.css HTTP/1.1" 200 6566
INFO 2024-05-01 09:06:46,488 "GET /static/admin/img/search.svg HTTP/1.1" 200 458
INFO 2024-05-01 09:06:46,488 "GET /static/admin/js/jquery.init.js HTTP/1.1" 200 347
INFO 2024-05-01 09:06:46,490 "GET /static/admin/js/filters.js HTTP/1.1" 200 978
INFO 2024-05-01 09:06:46,687 "GET /static/admin/js/core.js HTTP/1.1" 200 5682
INFO 2024-05-01 09:06:46,748 "GET /static/admin/js/actions.js HTTP/1.1" 200 7872
INFO 2024-05-01 09:06:46,748 "GET /admin/jsi18n/ HTTP/1.1" 200 3343
INFO 2024-05-01 09:06:46,752 "GET /static/admin/js/admin/RelatedObjectLookups.js HTTP/1.1" 200 8943
INFO 2024-05-01 09:06:46,755 "GET /static/admin/js/prepopulate.js HTTP/1.1" 200 1531
INFO 2024-05-01 09:06:46,756 "GET /static/admin/js/urlify.js HTTP/1.1" 200 7887
INFO 2024-05-01 09:06:46,762 "GET /static/admin/js/vendor/jquery/jquery.js HTTP/1.1" 200 292458
INFO 2024-05-01 09:06:46,788 "GET /static/admin/js/vendor/xregexp/xregexp.js HTTP/1.1" 200 232381
INFO 2024-05-01 09:06:46,882 "GET /static/admin/img/tooltag-add.svg HTTP/1.1" 200 331
INFO 2024-05-01 09:06:50,303 "GET /admin/auth/group/add/ HTTP/1.1" 200 20828
INFO 2024-05-01 09:06:50,376 "GET /static/admin/js/change_form.js HTTP/1.1" 200 606
INFO 2024-05-01 09:06:50,377 "GET /static/admin/js/prepopulate_init.js HTTP/1.1" 200 586
INFO 2024-05-01 09:06:50,378 "GET /static/admin/js/SelectBox.js HTTP/1.1" 200 4530
INFO 2024-05-01 09:06:50,379 "GET /static/admin/js/SelectFilter2.js HTTP/1.1" 200 15292
INFO 2024-05-01 09:06:50,380 "GET /static/admin/css/forms.css HTTP/1.1" 200 9090
INFO 2024-05-01 09:06:50,420 "GET /static/admin/css/widgets.css HTTP/1.1" 200 11921
INFO 2024-05-01 09:06:50,575 "GET /admin/jsi18n/ HTTP/1.1" 200 3343
INFO 2024-05-01 09:06:50,620 "GET /static/admin/img/icon-unknown-alt.svg HTTP/1.1" 200 655
INFO 2024-05-01 09:06:50,620 "GET /static/admin/img/icon-unknown.svg HTTP/1.1" 200 655
INFO 2024-05-01 09:06:50,621 "GET /static/admin/img/selector-icons.svg HTTP/1.1" 200 3291
INFO 2024-05-01 09:10:03,866 "POST /admin/auth/group/add/ HTTP/1.1" 302 0
INFO 2024-05-01 09:10:04,072 "GET /admin/auth/group/ HTTP/1.1" 200 12897
INFO 2024-05-01 09:10:04,360 "GET /admin/jsi18n/ HTTP/1.1" 200 3343
INFO 2024-05-01 09:10:04,417 "GET /static/admin/img/icon-yes.svg HTTP/1.1" 200 436
INFO 2024-05-01 09:10:08,020 "GET /admin/auth/group/1/change/ HTTP/1.1" 200 21115
INFO 2024-05-01 09:10:08,259 "GET /admin/jsi18n/ HTTP/1.1" 200 3343
INFO 2024-05-01 09:10:12,522 "POST /admin/auth/group/1/change/ HTTP/1.1" 302 0
INFO 2024-05-01 09:10:12,711 "GET /admin/auth/group/ HTTP/1.1" 200 12899
INFO 2024-05-01 09:10:12,992 "GET /admin/jsi18n/ HTTP/1.1" 200 3343
INFO 2024-05-01 09:10:18,145 "GET /admin/auth/user/add/ HTTP/1.1" 200 14342
INFO 2024-05-01 09:10:18,325 "GET /admin/jsi18n/ HTTP/1.1" 200 3343
INFO 2024-05-01 09:12:11,475 "POST /admin/auth/user/add/ HTTP/1.1" 302 0
INFO 2024-05-01 09:12:11,765 "GET /admin/auth/user/2/change/ HTTP/1.1" 200 30358
INFO 2024-05-01 09:12:11,922 "GET /static/admin/js/calendar.js HTTP/1.1" 200 8466
INFO 2024-05-01 09:12:11,971 "GET /static/admin/js/admin/DateTimeShortcuts.js HTTP/1.1" 200 19319
INFO 2024-05-01 09:12:12,143 "GET /admin/jsi18n/ HTTP/1.1" 200 3343
INFO 2024-05-01 09:12:12,217 "GET /static/admin/img/icon-clock.svg HTTP/1.1" 200 677
INFO 2024-05-01 09:12:12,225 "GET /static/admin/img/icon-calendar.svg HTTP/1.1" 200 1086
INFO 2024-05-01 09:12:52,088 "GET /static/admin/img/calendar-icons.svg HTTP/1.1" 200 1094
INFO 2024-05-01 09:13:02,136 "POST /admin/auth/user/2/change/ HTTP/1.1" 200 30375
INFO 2024-05-01 09:13:02,358 "GET /admin/jsi18n/ HTTP/1.1" 200 3343
INFO 2024-05-01 09:13:25,531 "POST /admin/auth/user/2/change/ HTTP/1.1" 302 0
INFO 2024-05-01 09:13:25,722 "GET /admin/auth/user/ HTTP/1.1" 200 15666
INFO 2024-05-01 09:13:25,961 "GET /admin/jsi18n/ HTTP/1.1" 200 3343
INFO 2024-05-01 09:13:25,966 "GET /static/admin/img/icon-no.svg HTTP/1.1" 200 560
INFO 2024-05-01 09:13:26,003 "GET /static/admin/img/sorting-icons.svg HTTP/1.1" 200 1097
INFO 2024-05-01 09:13:39,010 "GET / HTTP/1.1" 200 12358
WARNING 2024-05-01 09:13:39,047 "GET /static/css/bootstrap.min.css HTTP/1.1" 404 1822
INFO 2024-05-01 09:13:44,734 "GET /accounts/logout/ HTTP/1.1" 302 0
INFO 2024-05-01 09:13:44,752 "GET / HTTP/1.1" 302 0
INFO 2024-05-01 09:13:44,819 "GET /accounts/login/?next=/ HTTP/1.1" 200 4199
INFO 2024-05-01 09:14:00,330 "POST /accounts/login/ HTTP/1.1" 302 0
INFO 2024-05-01 09:14:00,479 "GET / HTTP/1.1" 200 12358
WARNING 2024-05-01 09:14:00,581 "GET /static/css/bootstrap.min.css HTTP/1.1" 404 1822
WARNING 2024-05-01 09:14:03,713 Forbidden (Permission denied): /student/list
Traceback (most recent call last):
  File "/home/kizito/zone/lib/python3.10/site-packages/django/core/handlers/exception.py", line 55, in inner
    response = get_response(request)
  File "/home/kizito/zone/lib/python3.10/site-packages/django/core/handlers/base.py", line 197, in _get_response
    response = wrapped_callback(request, *callback_args, **callback_kwargs)
  File "/home/kizito/zone/lib/python3.10/site-packages/django/views/generic/base.py", line 104, in view
    return self.dispatch(request, *args, **kwargs)
  File "/home/kizito/zone/lib/python3.10/site-packages/django/contrib/auth/mixins.py", line 73, in dispatch
    return super().dispatch(request, *args, **kwargs)
  File "/home/kizito/zone/lib/python3.10/site-packages/django/contrib/auth/mixins.py", line 108, in dispatch
    return self.handle_no_permission()
  File "/home/kizito/zone/lib/python3.10/site-packages/django/contrib/auth/mixins.py", line 48, in handle_no_permission
    raise PermissionDenied(self.get_permission_denied_message())
django.core.exceptions.PermissionDenied: Access Denied
WARNING 2024-05-01 09:14:03,825 "GET /student/list HTTP/1.1" 403 135
WARNING 2024-05-01 09:14:08,991 Forbidden (Permission denied): /staff/list/
Traceback (most recent call last):
  File "/home/kizito/zone/lib/python3.10/site-packages/django/core/handlers/exception.py", line 55, in inner
    response = get_response(request)
  File "/home/kizito/zone/lib/python3.10/site-packages/django/core/handlers/base.py", line 197, in _get_response
    response = wrapped_callback(request, *callback_args, **callback_kwargs)
  File "/home/kizito/zone/lib/python3.10/site-packages/django/views/generic/base.py", line 104, in view
    return self.dispatch(request, *args, **kwargs)
  File "/home/kizito/zone/lib/python3.10/site-packages/django/contrib/auth/mixins.py", line 73, in dispatch
    return super().dispatch(request, *args, **kwargs)
  File "/home/kizito/zone/lib/python3.10/site-packages/django/contrib/auth/mixins.py", line 108, in dispatch
    return self.handle_no_permission()
  File "/home/kizito/zone/lib/python3.10/site-packages/django/contrib/auth/mixins.py", line 48, in handle_no_permission
    raise PermissionDenied(self.get_permission_denied_message())
django.core.exceptions.PermissionDenied: Access Denied
WARNING 2024-05-01 09:14:09,135 "GET /staff/list/ HTTP/1.1" 403 135
WARNING 2024-05-01 09:14:12,090 Forbidden (Permission denied): /event/create/
Traceback (most recent call last):
  File "/home/kizito/zone/lib/python3.10/site-packages/django/core/handlers/exception.py", line 55, in inner
    response = get_response(request)
  File "/home/kizito/zone/lib/python3.10/site-packages/django/core/handlers/base.py", line 197, in _get_response
    response = wrapped_callback(request, *callback_args, **callback_kwargs)
  File "/home/kizito/zone/lib/python3.10/site-packages/django/views/generic/base.py", line 104, in view
    return self.dispatch(request, *args, **kwargs)
  File "/home/kizito/zone/lib/python3.10/site-packages/django/contrib/auth/mixins.py", line 73, in dispatch
    return super().dispatch(request, *args, **kwargs)
  File "/home/kizito/zone/lib/python3.10/site-packages/django/contrib/auth/mixins.py", line 108, in dispatch
    return self.handle_no_permission()
  File "/home/kizito/zone/lib/python3.10/site-packages/django/contrib/auth/mixins.py", line 48, in handle_no_permission
    raise PermissionDenied(self.get_permission_denied_message())
django.core.exceptions.PermissionDenied: Access Denied
WARNING 2024-05-01 09:14:12,218 "GET /event/create/ HTTP/1.1" 403 135
INFO 2024-05-01 09:14:15,335 "GET /event/ HTTP/1.1" 200 12289
WARNING 2024-05-01 09:14:15,391 "GET /static/css/bootstrap.min.css HTTP/1.1" 404 1822
WARNING 2024-05-01 09:14:18,852 Forbidden (Permission denied): /finance/list/
Traceback (most recent call last):
  File "/home/kizito/zone/lib/python3.10/site-packages/django/core/handlers/exception.py", line 55, in inner
    response = get_response(request)
  File "/home/kizito/zone/lib/python3.10/site-packages/django/core/handlers/base.py", line 197, in _get_response
    response = wrapped_callback(request, *callback_args, **callback_kwargs)
  File "/home/kizito/zone/lib/python3.10/site-packages/django/views/generic/base.py", line 104, in view
    return self.dispatch(request, *args, **kwargs)
  File "/home/kizito/zone/lib/python3.10/site-packages/django/contrib/auth/mixins.py", line 73, in dispatch
    return super().dispatch(request, *args, **kwargs)
  File "/home/kizito/zone/lib/python3.10/site-packages/django/contrib/auth/mixins.py", line 108, in dispatch
    return self.handle_no_permission()
  File "/home/kizito/zone/lib/python3.10/site-packages/django/contrib/auth/mixins.py", line 48, in handle_no_permission
    raise PermissionDenied(self.get_permission_denied_message())
django.core.exceptions.PermissionDenied: Acess denied
WARNING 2024-05-01 09:14:18,978 "GET /finance/list/ HTTP/1.1" 403 135
INFO 2024-05-01 09:14:22,268 "GET /finance/invoices/ HTTP/1.1" 200 16109
WARNING 2024-05-01 09:14:22,332 "GET /static/css/bootstrap.min.css HTTP/1.1" 404 1822
WARNING 2024-05-01 09:14:26,679 Forbidden (Permission denied): /expenditures/categories/
Traceback (most recent call last):
  File "/home/kizito/zone/lib/python3.10/site-packages/django/core/handlers/exception.py", line 55, in inner
    response = get_response(request)
  File "/home/kizito/zone/lib/python3.10/site-packages/django/core/handlers/base.py", line 197, in _get_response
    response = wrapped_callback(request, *callback_args, **callback_kwargs)
  File "/home/kizito/zone/lib/python3.10/site-packages/django/views/generic/base.py", line 104, in view
    return self.dispatch(request, *args, **kwargs)
  File "/home/kizito/zone/lib/python3.10/site-packages/django/contrib/auth/mixins.py", line 73, in dispatch
    return super().dispatch(request, *args, **kwargs)
  File "/home/kizito/zone/lib/python3.10/site-packages/django/contrib/auth/mixins.py", line 108, in dispatch
    return self.handle_no_permission()
  File "/home/kizito/zone/lib/python3.10/site-packages/django/contrib/auth/mixins.py", line 48, in handle_no_permission
    raise PermissionDenied(self.get_permission_denied_message())
django.core.exceptions.PermissionDenied: Access Denied
WARNING 2024-05-01 09:14:26,860 "GET /expenditures/categories/ HTTP/1.1" 403 135
WARNING 2024-05-01 09:14:30,595 Forbidden (Permission denied): /expenditures/expenditures/
Traceback (most recent call last):
  File "/home/kizito/zone/lib/python3.10/site-packages/django/core/handlers/exception.py", line 55, in inner
    response = get_response(request)
  File "/home/kizito/zone/lib/python3.10/site-packages/django/core/handlers/base.py", line 197, in _get_response
    response = wrapped_callback(request, *callback_args, **callback_kwargs)
  File "/home/kizito/zone/lib/python3.10/site-packages/django/views/generic/base.py", line 104, in view
    return self.dispatch(request, *args, **kwargs)
  File "/home/kizito/zone/lib/python3.10/site-packages/django/contrib/auth/mixins.py", line 73, in dispatch
    return super().dispatch(request, *args, **kwargs)
  File "/home/kizito/zone/lib/python3.10/site-packages/django/contrib/auth/mixins.py", line 108, in dispatch
    return self.handle_no_permission()
  File "/home/kizito/zone/lib/python3.10/site-packages/django/contrib/auth/mixins.py", line 48, in handle_no_permission
    raise PermissionDenied(self.get_permission_denied_message())
django.core.exceptions.PermissionDenied: Access Denied
WARNING 2024-05-01 09:14:30,693 "GET /expenditures/expenditures/ HTTP/1.1" 403 135
WARNING 2024-05-01 09:14:33,834 Forbidden (Permission denied): /expenditures/invoices/
Traceback (most recent call last):
  File "/home/kizito/zone/lib/python3.10/site-packages/django/core/handlers/exception.py", line 55, in inner
    response = get_response(request)
  File "/home/kizito/zone/lib/python3.10/site-packages/django/core/handlers/base.py", line 197, in _get_response
    response = wrapped_callback(request, *callback_args, **callback_kwargs)
  File "/home/kizito/zone/lib/python3.10/site-packages/django/views/generic/base.py", line 104, in view
    return self.dispatch(request, *args, **kwargs)
  File "/home/kizito/zone/lib/python3.10/site-packages/django/contrib/auth/mixins.py", line 73, in dispatch
    return super().dispatch(request, *args, **kwargs)
  File "/home/kizito/zone/lib/python3.10/site-packages/django/contrib/auth/mixins.py", line 108, in dispatch
    return self.handle_no_permission()
  File "/home/kizito/zone/lib/python3.10/site-packages/django/contrib/auth/mixins.py", line 48, in handle_no_permission
    raise PermissionDenied(self.get_permission_denied_message())
django.core.exceptions.PermissionDenied: Access Denied
WARNING 2024-05-01 09:14:33,949 "GET /expenditures/invoices/ HTTP/1.1" 403 135
WARNING 2024-05-01 09:14:37,663 Forbidden (Permission denied): /result/create/
Traceback (most recent call last):
  File "/home/kizito/zone/lib/python3.10/site-packages/django/core/handlers/exception.py", line 55, in inner
    response = get_response(request)
  File "/home/kizito/zone/lib/python3.10/site-packages/django/core/handlers/base.py", line 197, in _get_response
    response = wrapped_callback(request, *callback_args, **callback_kwargs)
  File "/home/kizito/zone/lib/python3.10/site-packages/django/contrib/auth/decorators.py", line 23, in _wrapper_view
    return view_func(request, *args, **kwargs)
  File "/home/kizito/zone/lib/python3.10/site-packages/django/contrib/auth/decorators.py", line 22, in _wrapper_view
    if test_func(request.user):
  File "/home/kizito/zone/lib/python3.10/site-packages/django/contrib/auth/decorators.py", line 78, in check_perms
    raise PermissionDenied
django.core.exceptions.PermissionDenied
WARNING 2024-05-01 09:14:37,791 "GET /result/create/ HTTP/1.1" 403 135
WARNING 2024-05-01 09:14:43,464 Forbidden (Permission denied): /result/edit-results/
Traceback (most recent call last):
  File "/home/kizito/zone/lib/python3.10/site-packages/django/core/handlers/exception.py", line 55, in inner
    response = get_response(request)
  File "/home/kizito/zone/lib/python3.10/site-packages/django/core/handlers/base.py", line 197, in _get_response
    response = wrapped_callback(request, *callback_args, **callback_kwargs)
  File "/home/kizito/zone/lib/python3.10/site-packages/django/contrib/auth/decorators.py", line 23, in _wrapper_view
    return view_func(request, *args, **kwargs)
  File "/home/kizito/zone/lib/python3.10/site-packages/django/contrib/auth/decorators.py", line 22, in _wrapper_view
    if test_func(request.user):
  File "/home/kizito/zone/lib/python3.10/site-packages/django/contrib/auth/decorators.py", line 78, in check_perms
    raise PermissionDenied
django.core.exceptions.PermissionDenied
WARNING 2024-05-01 09:14:43,546 "GET /result/edit-results/ HTTP/1.1" 403 135
INFO 2024-05-01 09:14:49,811 "GET /result/single/class/list HTTP/1.1" 200 12824
WARNING 2024-05-01 09:14:49,868 "GET /static/css/bootstrap.min.css HTTP/1.1" 404 1822
INFO 2024-05-01 09:14:52,029 "POST /result/single/class/list HTTP/1.1" 302 0
INFO 2024-05-01 09:14:52,235 "GET /result/single/class/result/4/ HTTP/1.1" 200 15071
WARNING 2024-05-01 09:14:52,335 "GET /static/css/bootstrap.min.css HTTP/1.1" 404 1822
INFO 2024-05-01 09:14:54,585 "GET /result/single/student/results/18/ HTTP/1.1" 200 13974
WARNING 2024-05-01 09:14:54,639 "GET /static/css/bootstrap.min.css HTTP/1.1" 404 1822
INFO 2024-05-01 09:14:57,758 "GET /result/student/18/ HTTP/1.1" 200 17542
WARNING 2024-05-01 09:14:57,784 "GET /static/css/bootstrap.min.css HTTP/1.1" 404 1822
INFO 2024-05-01 09:15:05,962 "GET /result/class/ HTTP/1.1" 200 12806
WARNING 2024-05-01 09:15:06,016 "GET /static/css/bootstrap.min.css HTTP/1.1" 404 1822
INFO 2024-05-01 09:15:08,097 "POST /result/class/ HTTP/1.1" 302 0
INFO 2024-05-01 09:15:08,303 "GET /result/class/results/4/ HTTP/1.1" 200 16353
WARNING 2024-05-01 09:15:08,357 "GET /static/css/bootstrap.min.css HTTP/1.1" 404 1822
INFO 2024-05-01 09:15:10,702 "GET /result/single/student/results/18/ HTTP/1.1" 200 13974
WARNING 2024-05-01 09:15:10,759 "GET /static/css/bootstrap.min.css HTTP/1.1" 404 1822
WARNING 2024-05-01 09:15:20,371 Forbidden (Permission denied): /school_properties/add-property/
Traceback (most recent call last):
  File "/home/kizito/zone/lib/python3.10/site-packages/django/core/handlers/exception.py", line 55, in inner
    response = get_response(request)
  File "/home/kizito/zone/lib/python3.10/site-packages/django/core/handlers/base.py", line 197, in _get_response
    response = wrapped_callback(request, *callback_args, **callback_kwargs)
  File "/home/kizito/zone/lib/python3.10/site-packages/django/contrib/auth/decorators.py", line 23, in _wrapper_view
    return view_func(request, *args, **kwargs)
  File "/home/kizito/zone/lib/python3.10/site-packages/django/contrib/auth/decorators.py", line 22, in _wrapper_view
    if test_func(request.user):
  File "/home/kizito/zone/lib/python3.10/site-packages/django/contrib/auth/decorators.py", line 78, in check_perms
    raise PermissionDenied
django.core.exceptions.PermissionDenied
WARNING 2024-05-01 09:15:20,480 "GET /school_properties/add-property/ HTTP/1.1" 403 135
WARNING 2024-05-01 09:15:23,978 Forbidden (Permission denied): /school_properties/properties/
Traceback (most recent call last):
  File "/home/kizito/zone/lib/python3.10/site-packages/django/core/handlers/exception.py", line 55, in inner
    response = get_response(request)
  File "/home/kizito/zone/lib/python3.10/site-packages/django/core/handlers/base.py", line 197, in _get_response
    response = wrapped_callback(request, *callback_args, **callback_kwargs)
  File "/home/kizito/zone/lib/python3.10/site-packages/django/contrib/auth/decorators.py", line 23, in _wrapper_view
    return view_func(request, *args, **kwargs)
  File "/home/kizito/zone/lib/python3.10/site-packages/django/contrib/auth/decorators.py", line 22, in _wrapper_view
    if test_func(request.user):
  File "/home/kizito/zone/lib/python3.10/site-packages/django/contrib/auth/decorators.py", line 78, in check_perms
    raise PermissionDenied
django.core.exceptions.PermissionDenied
WARNING 2024-05-01 09:15:24,107 "GET /school_properties/properties/ HTTP/1.1" 403 135
INFO 2024-05-01 09:15:36,382 "GET /session/list/ HTTP/1.1" 200 15695
WARNING 2024-05-01 09:15:36,444 "GET /static/css/bootstrap.min.css HTTP/1.1" 404 1822
INFO 2024-05-01 09:15:49,449 "GET /session/3/delete/ HTTP/1.1" 200 13057
WARNING 2024-05-01 09:15:49,500 "GET /static/css/bootstrap.min.css HTTP/1.1" 404 1822
INFO 2024-05-01 09:15:52,433 "POST /session/3/delete/ HTTP/1.1" 302 0
INFO 2024-05-01 09:15:52,607 "GET /session/list/ HTTP/1.1" 200 15352
WARNING 2024-05-01 09:15:52,639 "GET /static/css/bootstrap.min.css HTTP/1.1" 404 1822
INFO 2024-05-01 09:17:10,059 "GET /term/list/ HTTP/1.1" 200 14963
WARNING 2024-05-01 09:17:10,090 "GET /static/css/bootstrap.min.css HTTP/1.1" 404 1822
INFO 2024-05-01 09:17:23,638 "GET /subject/list/ HTTP/1.1" 200 15044
WARNING 2024-05-01 09:17:23,694 "GET /static/css/bootstrap.min.css HTTP/1.1" 404 1822
INFO 2024-05-01 09:17:42,129 "GET /class/list/ HTTP/1.1" 200 14204
WARNING 2024-05-01 09:17:42,190 "GET /static/css/bootstrap.min.css HTTP/1.1" 404 1822
WARNING 2024-05-01 09:17:54,552 Forbidden (Permission denied): /updations/move-students/
Traceback (most recent call last):
  File "/home/kizito/zone/lib/python3.10/site-packages/django/core/handlers/exception.py", line 55, in inner
    response = get_response(request)
  File "/home/kizito/zone/lib/python3.10/site-packages/django/core/handlers/base.py", line 197, in _get_response
    response = wrapped_callback(request, *callback_args, **callback_kwargs)
  File "/home/kizito/zone/lib/python3.10/site-packages/django/contrib/auth/decorators.py", line 23, in _wrapper_view
    return view_func(request, *args, **kwargs)
  File "/home/kizito/zone/lib/python3.10/site-packages/django/contrib/auth/decorators.py", line 22, in _wrapper_view
    if test_func(request.user):
  File "/home/kizito/zone/lib/python3.10/site-packages/django/contrib/auth/decorators.py", line 78, in check_perms
    raise PermissionDenied
django.core.exceptions.PermissionDenied
WARNING 2024-05-01 09:17:54,660 "GET /updations/move-students/ HTTP/1.1" 403 135
WARNING 2024-05-01 09:18:00,903 Forbidden (Permission denied): /updations/delete-students/
Traceback (most recent call last):
  File "/home/kizito/zone/lib/python3.10/site-packages/django/core/handlers/exception.py", line 55, in inner
    response = get_response(request)
  File "/home/kizito/zone/lib/python3.10/site-packages/django/core/handlers/base.py", line 197, in _get_response
    response = wrapped_callback(request, *callback_args, **callback_kwargs)
  File "/home/kizito/zone/lib/python3.10/site-packages/django/contrib/auth/decorators.py", line 23, in _wrapper_view
    return view_func(request, *args, **kwargs)
  File "/home/kizito/zone/lib/python3.10/site-packages/django/contrib/auth/decorators.py", line 22, in _wrapper_view
    if test_func(request.user):
  File "/home/kizito/zone/lib/python3.10/site-packages/django/contrib/auth/decorators.py", line 78, in check_perms
    raise PermissionDenied
django.core.exceptions.PermissionDenied
WARNING 2024-05-01 09:18:01,024 "GET /updations/delete-students/ HTTP/1.1" 403 135
WARNING 2024-05-01 09:18:18,188 Forbidden (Permission denied): /updations/move-students/
Traceback (most recent call last):
  File "/home/kizito/zone/lib/python3.10/site-packages/django/core/handlers/exception.py", line 55, in inner
    response = get_response(request)
  File "/home/kizito/zone/lib/python3.10/site-packages/django/core/handlers/base.py", line 197, in _get_response
    response = wrapped_callback(request, *callback_args, **callback_kwargs)
  File "/home/kizito/zone/lib/python3.10/site-packages/django/contrib/auth/decorators.py", line 23, in _wrapper_view
    return view_func(request, *args, **kwargs)
  File "/home/kizito/zone/lib/python3.10/site-packages/django/contrib/auth/decorators.py", line 22, in _wrapper_view
    if test_func(request.user):
  File "/home/kizito/zone/lib/python3.10/site-packages/django/contrib/auth/decorators.py", line 78, in check_perms
    raise PermissionDenied
django.core.exceptions.PermissionDenied
WARNING 2024-05-01 09:18:18,304 "GET /updations/move-students/ HTTP/1.1" 403 135
INFO 2024-05-01 09:18:24,455 "GET /goto-admin/ HTTP/1.1" 302 0
INFO 2024-05-01 09:18:24,665 "GET /admin/ HTTP/1.1" 302 0
INFO 2024-05-01 09:18:24,908 "GET /admin/login/?next=/admin/ HTTP/1.1" 200 3702
INFO 2024-05-01 09:18:25,031 "GET /static/admin/css/login.css HTTP/1.1" 200 958
WARNING 2024-05-01 09:44:39,263 Forbidden (Permission denied): /updations/delete-students/
Traceback (most recent call last):
  File "/home/kizito/zone/lib/python3.10/site-packages/django/core/handlers/exception.py", line 55, in inner
    response = get_response(request)
  File "/home/kizito/zone/lib/python3.10/site-packages/django/core/handlers/base.py", line 197, in _get_response
    response = wrapped_callback(request, *callback_args, **callback_kwargs)
  File "/home/kizito/zone/lib/python3.10/site-packages/django/contrib/auth/decorators.py", line 23, in _wrapper_view
    return view_func(request, *args, **kwargs)
  File "/home/kizito/zone/lib/python3.10/site-packages/django/contrib/auth/decorators.py", line 22, in _wrapper_view
    if test_func(request.user):
  File "/home/kizito/zone/lib/python3.10/site-packages/django/contrib/auth/decorators.py", line 78, in check_perms
    raise PermissionDenied
django.core.exceptions.PermissionDenied
WARNING 2024-05-01 09:44:39,348 "GET /updations/delete-students/ HTTP/1.1" 403 135
WARNING 2024-05-01 09:44:42,426 Forbidden (Permission denied): /updations/move-students/
Traceback (most recent call last):
  File "/home/kizito/zone/lib/python3.10/site-packages/django/core/handlers/exception.py", line 55, in inner
    response = get_response(request)
  File "/home/kizito/zone/lib/python3.10/site-packages/django/core/handlers/base.py", line 197, in _get_response
    response = wrapped_callback(request, *callback_args, **callback_kwargs)
  File "/home/kizito/zone/lib/python3.10/site-packages/django/contrib/auth/decorators.py", line 23, in _wrapper_view
    return view_func(request, *args, **kwargs)
  File "/home/kizito/zone/lib/python3.10/site-packages/django/contrib/auth/decorators.py", line 22, in _wrapper_view
    if test_func(request.user):
  File "/home/kizito/zone/lib/python3.10/site-packages/django/contrib/auth/decorators.py", line 78, in check_perms
    raise PermissionDenied
django.core.exceptions.PermissionDenied
WARNING 2024-05-01 09:44:42,521 "GET /updations/move-students/ HTTP/1.1" 403 135
INFO 2024-05-01 09:44:45,787 "GET /class/list/ HTTP/1.1" 200 14204
WARNING 2024-05-01 09:44:45,842 "GET /static/css/bootstrap.min.css HTTP/1.1" 404 1822
INFO 2024-05-01 09:44:59,076 "GET /accounts/logout/ HTTP/1.1" 302 0
INFO 2024-05-01 09:44:59,085 "GET / HTTP/1.1" 302 0
INFO 2024-05-01 09:44:59,158 "GET /accounts/login/?next=/ HTTP/1.1" 200 4199
INFO 2024-05-01 09:45:01,954 "POST /accounts/login/ HTTP/1.1" 302 0
INFO 2024-05-01 09:45:02,137 "GET / HTTP/1.1" 200 12358
WARNING 2024-05-01 09:45:02,197 "GET /static/css/bootstrap.min.css HTTP/1.1" 404 1822
INFO 2024-05-01 09:45:04,361 "GET /goto-admin/ HTTP/1.1" 302 0
INFO 2024-05-01 09:45:04,509 "GET /admin/ HTTP/1.1" 200 12387
INFO 2024-05-01 09:45:13,083 "GET /admin/auth/group/ HTTP/1.1" 200 12701
INFO 2024-05-01 09:45:13,331 "GET /admin/jsi18n/ HTTP/1.1" 200 3343
INFO 2024-05-01 09:45:15,202 "GET /admin/auth/group/1/change/ HTTP/1.1" 200 21115
INFO 2024-05-01 09:45:15,458 "GET /admin/jsi18n/ HTTP/1.1" 200 3343
INFO 2024-05-01 09:46:12,064 "POST /admin/auth/group/1/change/ HTTP/1.1" 302 0
INFO 2024-05-01 09:46:12,238 "GET /admin/auth/group/ HTTP/1.1" 200 12899
INFO 2024-05-01 09:46:12,526 "GET /admin/jsi18n/ HTTP/1.1" 200 3343
INFO 2024-05-01 09:46:21,116 "GET / HTTP/1.1" 200 12358
WARNING 2024-05-01 09:46:21,170 "GET /static/css/bootstrap.min.css HTTP/1.1" 404 1822
INFO 2024-05-01 09:46:25,887 "GET /accounts/logout/ HTTP/1.1" 302 0
INFO 2024-05-01 09:46:25,904 "GET / HTTP/1.1" 302 0
INFO 2024-05-01 09:46:25,975 "GET /accounts/login/?next=/ HTTP/1.1" 200 4199
INFO 2024-05-01 09:46:41,362 "POST /accounts/login/ HTTP/1.1" 302 0
INFO 2024-05-01 09:46:41,544 "GET / HTTP/1.1" 200 12358
WARNING 2024-05-01 09:46:41,650 "GET /static/css/bootstrap.min.css HTTP/1.1" 404 1822
INFO 2024-05-01 09:46:46,604 "GET /finance/invoices/ HTTP/1.1" 200 16109
WARNING 2024-05-01 09:46:46,669 "GET /static/css/bootstrap.min.css HTTP/1.1" 404 1822
WARNING 2024-05-01 09:46:49,590 Forbidden (Permission denied): /result/create/
Traceback (most recent call last):
  File "/home/kizito/zone/lib/python3.10/site-packages/django/core/handlers/exception.py", line 55, in inner
    response = get_response(request)
  File "/home/kizito/zone/lib/python3.10/site-packages/django/core/handlers/base.py", line 197, in _get_response
    response = wrapped_callback(request, *callback_args, **callback_kwargs)
  File "/home/kizito/zone/lib/python3.10/site-packages/django/contrib/auth/decorators.py", line 23, in _wrapper_view
    return view_func(request, *args, **kwargs)
  File "/home/kizito/zone/lib/python3.10/site-packages/django/contrib/auth/decorators.py", line 22, in _wrapper_view
    if test_func(request.user):
  File "/home/kizito/zone/lib/python3.10/site-packages/django/contrib/auth/decorators.py", line 78, in check_perms
    raise PermissionDenied
django.core.exceptions.PermissionDenied
WARNING 2024-05-01 09:46:49,801 "GET /result/create/ HTTP/1.1" 403 135
WARNING 2024-05-01 09:46:54,556 Forbidden (Permission denied): /result/edit-results/
Traceback (most recent call last):
  File "/home/kizito/zone/lib/python3.10/site-packages/django/core/handlers/exception.py", line 55, in inner
    response = get_response(request)
  File "/home/kizito/zone/lib/python3.10/site-packages/django/core/handlers/base.py", line 197, in _get_response
    response = wrapped_callback(request, *callback_args, **callback_kwargs)
  File "/home/kizito/zone/lib/python3.10/site-packages/django/contrib/auth/decorators.py", line 23, in _wrapper_view
    return view_func(request, *args, **kwargs)
  File "/home/kizito/zone/lib/python3.10/site-packages/django/contrib/auth/decorators.py", line 22, in _wrapper_view
    if test_func(request.user):
  File "/home/kizito/zone/lib/python3.10/site-packages/django/contrib/auth/decorators.py", line 78, in check_perms
    raise PermissionDenied
django.core.exceptions.PermissionDenied
WARNING 2024-05-01 09:46:54,668 "GET /result/edit-results/ HTTP/1.1" 403 135
WARNING 2024-05-01 09:46:58,083 Forbidden (Permission denied): /student/list
Traceback (most recent call last):
  File "/home/kizito/zone/lib/python3.10/site-packages/django/core/handlers/exception.py", line 55, in inner
    response = get_response(request)
  File "/home/kizito/zone/lib/python3.10/site-packages/django/core/handlers/base.py", line 197, in _get_response
    response = wrapped_callback(request, *callback_args, **callback_kwargs)
  File "/home/kizito/zone/lib/python3.10/site-packages/django/views/generic/base.py", line 104, in view
    return self.dispatch(request, *args, **kwargs)
  File "/home/kizito/zone/lib/python3.10/site-packages/django/contrib/auth/mixins.py", line 73, in dispatch
    return super().dispatch(request, *args, **kwargs)
  File "/home/kizito/zone/lib/python3.10/site-packages/django/contrib/auth/mixins.py", line 108, in dispatch
    return self.handle_no_permission()
  File "/home/kizito/zone/lib/python3.10/site-packages/django/contrib/auth/mixins.py", line 48, in handle_no_permission
    raise PermissionDenied(self.get_permission_denied_message())
django.core.exceptions.PermissionDenied: Access Denied
WARNING 2024-05-01 09:46:58,190 "GET /student/list HTTP/1.1" 403 135
WARNING 2024-05-01 09:47:00,660 Forbidden (Permission denied): /staff/list/
Traceback (most recent call last):
  File "/home/kizito/zone/lib/python3.10/site-packages/django/core/handlers/exception.py", line 55, in inner
    response = get_response(request)
  File "/home/kizito/zone/lib/python3.10/site-packages/django/core/handlers/base.py", line 197, in _get_response
    response = wrapped_callback(request, *callback_args, **callback_kwargs)
  File "/home/kizito/zone/lib/python3.10/site-packages/django/views/generic/base.py", line 104, in view
    return self.dispatch(request, *args, **kwargs)
  File "/home/kizito/zone/lib/python3.10/site-packages/django/contrib/auth/mixins.py", line 73, in dispatch
    return super().dispatch(request, *args, **kwargs)
  File "/home/kizito/zone/lib/python3.10/site-packages/django/contrib/auth/mixins.py", line 108, in dispatch
    return self.handle_no_permission()
  File "/home/kizito/zone/lib/python3.10/site-packages/django/contrib/auth/mixins.py", line 48, in handle_no_permission
    raise PermissionDenied(self.get_permission_denied_message())
django.core.exceptions.PermissionDenied: Access Denied
WARNING 2024-05-01 09:47:00,764 "GET /staff/list/ HTTP/1.1" 403 135
INFO 2024-05-01 09:47:12,311 "GET /session/list/ HTTP/1.1" 200 15352
WARNING 2024-05-01 09:47:12,345 "GET /static/css/bootstrap.min.css HTTP/1.1" 404 1822
INFO 2024-05-01 09:47:25,078 "GET /term/list/ HTTP/1.1" 200 14963
WARNING 2024-05-01 09:47:25,135 "GET /static/css/bootstrap.min.css HTTP/1.1" 404 1822
INFO 2024-05-01 09:47:34,513 "GET / HTTP/1.1" 200 12358
WARNING 2024-05-01 09:47:34,570 "GET /static/css/bootstrap.min.css HTTP/1.1" 404 1822
INFO 2024-05-01 09:47:38,562 "GET /goto-admin/ HTTP/1.1" 302 0
INFO 2024-05-01 09:47:38,711 "GET /admin/ HTTP/1.1" 302 0
INFO 2024-05-01 09:47:38,884 "GET /admin/login/?next=/admin/ HTTP/1.1" 200 3702
INFO 2024-05-01 09:47:53,481 "GET /class/list/ HTTP/1.1" 200 14204
WARNING 2024-05-01 09:47:53,538 "GET /static/css/bootstrap.min.css HTTP/1.1" 404 1822
INFO 2024-05-01 10:08:49,054 /home/kizito/element_zone/apps/corecode/views.py changed, reloading.
INFO 2024-05-01 10:08:49,608 Watching for file changes with StatReloader
INFO 2024-05-01 10:11:17,682 /home/kizito/element_zone/apps/corecode/views.py changed, reloading.
INFO 2024-05-01 10:11:18,128 Watching for file changes with StatReloader
INFO 2024-05-01 10:12:20,499 /home/kizito/element_zone/apps/finance/views.py changed, reloading.
INFO 2024-05-01 10:12:20,928 Watching for file changes with StatReloader
INFO 2024-05-01 10:12:25,537 "GET /goto-admin/ HTTP/1.1" 302 0
INFO 2024-05-01 10:12:25,711 "GET /admin/ HTTP/1.1" 302 0
INFO 2024-05-01 10:12:25,924 "GET /admin/login/?next=/admin/ HTTP/1.1" 200 3702
WARNING 2024-05-01 10:12:31,286 Forbidden (Permission denied): /finance/invoices/
Traceback (most recent call last):
  File "/home/kizito/zone/lib/python3.10/site-packages/django/core/handlers/exception.py", line 55, in inner
    response = get_response(request)
  File "/home/kizito/zone/lib/python3.10/site-packages/django/core/handlers/base.py", line 197, in _get_response
    response = wrapped_callback(request, *callback_args, **callback_kwargs)
  File "/home/kizito/zone/lib/python3.10/site-packages/django/views/generic/base.py", line 104, in view
    return self.dispatch(request, *args, **kwargs)
  File "/home/kizito/zone/lib/python3.10/site-packages/django/contrib/auth/mixins.py", line 73, in dispatch
    return super().dispatch(request, *args, **kwargs)
  File "/home/kizito/zone/lib/python3.10/site-packages/django/contrib/auth/mixins.py", line 108, in dispatch
    return self.handle_no_permission()
  File "/home/kizito/zone/lib/python3.10/site-packages/django/contrib/auth/mixins.py", line 48, in handle_no_permission
    raise PermissionDenied(self.get_permission_denied_message())
django.core.exceptions.PermissionDenied: Access Denied
WARNING 2024-05-01 10:12:31,390 "GET /finance/invoices/ HTTP/1.1" 403 135
WARNING 2024-05-01 10:12:34,549 Forbidden (Permission denied): /finance/list/
Traceback (most recent call last):
  File "/home/kizito/zone/lib/python3.10/site-packages/django/core/handlers/exception.py", line 55, in inner
    response = get_response(request)
  File "/home/kizito/zone/lib/python3.10/site-packages/django/core/handlers/base.py", line 197, in _get_response
    response = wrapped_callback(request, *callback_args, **callback_kwargs)
  File "/home/kizito/zone/lib/python3.10/site-packages/django/views/generic/base.py", line 104, in view
    return self.dispatch(request, *args, **kwargs)
  File "/home/kizito/zone/lib/python3.10/site-packages/django/contrib/auth/mixins.py", line 73, in dispatch
    return super().dispatch(request, *args, **kwargs)
  File "/home/kizito/zone/lib/python3.10/site-packages/django/contrib/auth/mixins.py", line 108, in dispatch
    return self.handle_no_permission()
  File "/home/kizito/zone/lib/python3.10/site-packages/django/contrib/auth/mixins.py", line 48, in handle_no_permission
    raise PermissionDenied(self.get_permission_denied_message())
django.core.exceptions.PermissionDenied: Acess denied
WARNING 2024-05-01 10:12:34,678 "GET /finance/list/ HTTP/1.1" 403 135
INFO 2024-05-01 10:12:40,706 "GET /accounts/logout/ HTTP/1.1" 302 0
INFO 2024-05-01 10:12:40,724 "GET / HTTP/1.1" 302 0
INFO 2024-05-01 10:12:40,799 "GET /accounts/login/?next=/ HTTP/1.1" 200 4199
INFO 2024-05-01 10:12:43,623 "POST /accounts/login/ HTTP/1.1" 302 0
INFO 2024-05-01 10:12:43,788 "GET / HTTP/1.1" 200 12358
WARNING 2024-05-01 10:12:43,889 "GET /static/css/bootstrap.min.css HTTP/1.1" 404 1822
INFO 2024-05-01 10:12:46,063 "GET /goto-admin/ HTTP/1.1" 302 0
INFO 2024-05-01 10:12:46,417 "GET /admin/ HTTP/1.1" 200 12672
INFO 2024-05-01 10:12:49,395 "GET /admin/auth/group/1/change/ HTTP/1.1" 200 21070
INFO 2024-05-01 10:12:49,723 "GET /admin/jsi18n/ HTTP/1.1" 200 3343
INFO 2024-05-01 10:14:50,947 "POST /admin/auth/group/1/change/ HTTP/1.1" 302 0
INFO 2024-05-01 10:14:51,128 "GET /admin/auth/group/ HTTP/1.1" 200 12899
INFO 2024-05-01 10:14:51,441 "GET /admin/jsi18n/ HTTP/1.1" 200 3343
INFO 2024-05-01 10:14:55,103 "POST /admin/logout/ HTTP/1.1" 302 0
INFO 2024-05-01 10:14:55,120 "GET / HTTP/1.1" 302 0
INFO 2024-05-01 10:14:55,189 "GET /accounts/login/?next=/ HTTP/1.1" 200 4199
INFO 2024-05-01 10:15:13,492 "POST /accounts/login/ HTTP/1.1" 302 0
INFO 2024-05-01 10:15:13,645 "GET / HTTP/1.1" 200 12358
WARNING 2024-05-01 10:15:13,746 "GET /static/css/bootstrap.min.css HTTP/1.1" 404 1822
INFO 2024-05-01 10:15:22,526 "GET /session/list/ HTTP/1.1" 200 15352
WARNING 2024-05-01 10:15:22,586 "GET /static/css/bootstrap.min.css HTTP/1.1" 404 1822
INFO 2024-05-01 10:15:39,895 "GET /term/list/ HTTP/1.1" 200 14963
WARNING 2024-05-01 10:15:39,953 "GET /static/css/bootstrap.min.css HTTP/1.1" 404 1822
WARNING 2024-05-01 10:15:52,146 Forbidden (Permission denied): /term/create/
Traceback (most recent call last):
  File "/home/kizito/zone/lib/python3.10/site-packages/django/core/handlers/exception.py", line 55, in inner
    response = get_response(request)
  File "/home/kizito/zone/lib/python3.10/site-packages/django/core/handlers/base.py", line 197, in _get_response
    response = wrapped_callback(request, *callback_args, **callback_kwargs)
  File "/home/kizito/zone/lib/python3.10/site-packages/django/views/generic/base.py", line 104, in view
    return self.dispatch(request, *args, **kwargs)
  File "/home/kizito/zone/lib/python3.10/site-packages/django/contrib/auth/mixins.py", line 73, in dispatch
    return super().dispatch(request, *args, **kwargs)
  File "/home/kizito/zone/lib/python3.10/site-packages/django/contrib/auth/mixins.py", line 108, in dispatch
    return self.handle_no_permission()
  File "/home/kizito/zone/lib/python3.10/site-packages/django/contrib/auth/mixins.py", line 48, in handle_no_permission
    raise PermissionDenied(self.get_permission_denied_message())
django.core.exceptions.PermissionDenied
WARNING 2024-05-01 10:15:52,268 "POST /term/create/ HTTP/1.1" 403 135
WARNING 2024-05-01 10:15:58,683 Forbidden (Permission denied): /term/create/
Traceback (most recent call last):
  File "/home/kizito/zone/lib/python3.10/site-packages/django/core/handlers/exception.py", line 55, in inner
    response = get_response(request)
  File "/home/kizito/zone/lib/python3.10/site-packages/django/core/handlers/base.py", line 197, in _get_response
    response = wrapped_callback(request, *callback_args, **callback_kwargs)
  File "/home/kizito/zone/lib/python3.10/site-packages/django/views/generic/base.py", line 104, in view
    return self.dispatch(request, *args, **kwargs)
  File "/home/kizito/zone/lib/python3.10/site-packages/django/contrib/auth/mixins.py", line 73, in dispatch
    return super().dispatch(request, *args, **kwargs)
  File "/home/kizito/zone/lib/python3.10/site-packages/django/contrib/auth/mixins.py", line 108, in dispatch
    return self.handle_no_permission()
  File "/home/kizito/zone/lib/python3.10/site-packages/django/contrib/auth/mixins.py", line 48, in handle_no_permission
    raise PermissionDenied(self.get_permission_denied_message())
django.core.exceptions.PermissionDenied
WARNING 2024-05-01 10:15:58,813 "POST /term/create/ HTTP/1.1" 403 135
WARNING 2024-05-01 10:16:04,571 Forbidden (Permission denied): /term/create/
Traceback (most recent call last):
  File "/home/kizito/zone/lib/python3.10/site-packages/django/core/handlers/exception.py", line 55, in inner
    response = get_response(request)
  File "/home/kizito/zone/lib/python3.10/site-packages/django/core/handlers/base.py", line 197, in _get_response
    response = wrapped_callback(request, *callback_args, **callback_kwargs)
  File "/home/kizito/zone/lib/python3.10/site-packages/django/views/generic/base.py", line 104, in view
    return self.dispatch(request, *args, **kwargs)
  File "/home/kizito/zone/lib/python3.10/site-packages/django/contrib/auth/mixins.py", line 73, in dispatch
    return super().dispatch(request, *args, **kwargs)
  File "/home/kizito/zone/lib/python3.10/site-packages/django/contrib/auth/mixins.py", line 108, in dispatch
    return self.handle_no_permission()
  File "/home/kizito/zone/lib/python3.10/site-packages/django/contrib/auth/mixins.py", line 48, in handle_no_permission
    raise PermissionDenied(self.get_permission_denied_message())
django.core.exceptions.PermissionDenied
WARNING 2024-05-01 10:16:04,711 "POST /term/create/ HTTP/1.1" 403 135
WARNING 2024-05-01 10:16:09,924 Forbidden (Permission denied): /session/4/delete/
Traceback (most recent call last):
  File "/home/kizito/zone/lib/python3.10/site-packages/django/core/handlers/exception.py", line 55, in inner
    response = get_response(request)
  File "/home/kizito/zone/lib/python3.10/site-packages/django/core/handlers/base.py", line 197, in _get_response
    response = wrapped_callback(request, *callback_args, **callback_kwargs)
  File "/home/kizito/zone/lib/python3.10/site-packages/django/views/generic/base.py", line 104, in view
    return self.dispatch(request, *args, **kwargs)
  File "/home/kizito/zone/lib/python3.10/site-packages/django/contrib/auth/mixins.py", line 73, in dispatch
    return super().dispatch(request, *args, **kwargs)
  File "/home/kizito/zone/lib/python3.10/site-packages/django/contrib/auth/mixins.py", line 108, in dispatch
    return self.handle_no_permission()
  File "/home/kizito/zone/lib/python3.10/site-packages/django/contrib/auth/mixins.py", line 48, in handle_no_permission
    raise PermissionDenied(self.get_permission_denied_message())
django.core.exceptions.PermissionDenied
WARNING 2024-05-01 10:16:10,040 "GET /session/4/delete/ HTTP/1.1" 403 135
WARNING 2024-05-01 10:16:13,679 Forbidden (Permission denied): /session/2/delete/
Traceback (most recent call last):
  File "/home/kizito/zone/lib/python3.10/site-packages/django/core/handlers/exception.py", line 55, in inner
    response = get_response(request)
  File "/home/kizito/zone/lib/python3.10/site-packages/django/core/handlers/base.py", line 197, in _get_response
    response = wrapped_callback(request, *callback_args, **callback_kwargs)
  File "/home/kizito/zone/lib/python3.10/site-packages/django/views/generic/base.py", line 104, in view
    return self.dispatch(request, *args, **kwargs)
  File "/home/kizito/zone/lib/python3.10/site-packages/django/contrib/auth/mixins.py", line 73, in dispatch
    return super().dispatch(request, *args, **kwargs)
  File "/home/kizito/zone/lib/python3.10/site-packages/django/contrib/auth/mixins.py", line 108, in dispatch
    return self.handle_no_permission()
  File "/home/kizito/zone/lib/python3.10/site-packages/django/contrib/auth/mixins.py", line 48, in handle_no_permission
    raise PermissionDenied(self.get_permission_denied_message())
django.core.exceptions.PermissionDenied
WARNING 2024-05-01 10:16:13,778 "GET /session/2/delete/ HTTP/1.1" 403 135
INFO 2024-05-01 18:36:52,407 Watching for file changes with StatReloader
INFO 2024-05-01 18:37:02,826 "GET / HTTP/1.1" 302 0
INFO 2024-05-01 18:37:03,173 "GET /accounts/login/?next=/ HTTP/1.1" 200 4199
INFO 2024-05-01 18:37:03,531 "GET /static/dist/img/lake.png HTTP/1.1" 200 211327
WARNING 2024-05-01 18:37:03,854 Not Found: /favicon.ico
INFO 2024-05-01 18:37:15,034 "POST /accounts/login/ HTTP/1.1" 302 0
INFO 2024-05-01 18:37:15,231 "GET / HTTP/1.1" 200 12358
WARNING 2024-05-01 18:37:15,441 "GET /static/css/bootstrap.min.css HTTP/1.1" 404 1822
INFO 2024-05-01 18:42:02,831 "GET /goto-admin/ HTTP/1.1" 302 0
INFO 2024-05-01 18:42:03,152 "GET /admin/ HTTP/1.1" 200 12957
INFO 2024-05-01 18:42:03,407 "GET /static/admin/img/icon-addlink.svg HTTP/1.1" 200 331
INFO 2024-05-01 18:42:03,409 "GET /static/admin/img/icon-changelink.svg HTTP/1.1" 200 380
INFO 2024-05-01 18:42:14,034 "GET /admin/auth/group/add/ HTTP/1.1" 200 20828
INFO 2024-05-01 18:42:14,067 "GET /static/admin/css/widgets.css HTTP/1.1" 200 11921
INFO 2024-05-01 18:42:14,100 "GET /static/admin/js/change_form.js HTTP/1.1" 200 606
INFO 2024-05-01 18:42:14,102 "GET /static/admin/js/prepopulate_init.js HTTP/1.1" 200 586
INFO 2024-05-01 18:42:14,397 "GET /admin/jsi18n/ HTTP/1.1" 200 3343
INFO 2024-05-01 18:42:14,455 "GET /static/admin/img/search.svg HTTP/1.1" 200 458
INFO 2024-05-01 18:42:14,455 "GET /static/admin/img/icon-unknown.svg HTTP/1.1" 200 655
INFO 2024-05-01 18:42:14,456 "GET /static/admin/img/icon-unknown-alt.svg HTTP/1.1" 200 655
INFO 2024-05-01 18:42:14,456 "GET /static/admin/img/selector-icons.svg HTTP/1.1" 200 3291
INFO 2024-05-01 18:45:42,737 "POST /admin/auth/group/add/ HTTP/1.1" 302 0
INFO 2024-05-01 18:45:42,967 "GET /admin/auth/group/ HTTP/1.1" 200 13105
INFO 2024-05-01 18:45:43,255 "GET /admin/jsi18n/ HTTP/1.1" 200 3343
INFO 2024-05-01 18:45:43,316 "GET /static/admin/img/icon-yes.svg HTTP/1.1" 200 436
INFO 2024-05-01 18:45:43,316 "GET /static/admin/img/tooltag-add.svg HTTP/1.1" 200 331
INFO 2024-05-01 18:45:49,538 "GET /admin/auth/group/2/change/ HTTP/1.1" 200 21173
INFO 2024-05-01 18:45:49,735 "GET /admin/jsi18n/ HTTP/1.1" 200 3343
INFO 2024-05-01 18:46:16,413 "POST /admin/auth/group/2/change/ HTTP/1.1" 302 0
INFO 2024-05-01 18:46:16,561 "GET /admin/auth/group/ HTTP/1.1" 200 13107
INFO 2024-05-01 18:46:16,849 "GET /admin/jsi18n/ HTTP/1.1" 200 3343
INFO 2024-05-01 18:46:29,223 "GET /admin/auth/group/add/ HTTP/1.1" 200 20828
INFO 2024-05-01 18:46:29,528 "GET /admin/jsi18n/ HTTP/1.1" 200 3343
INFO 2024-05-01 19:10:30,024 "POST /admin/auth/group/add/ HTTP/1.1" 302 0
INFO 2024-05-01 19:10:30,288 "GET /admin/auth/group/ HTTP/1.1" 200 13305
INFO 2024-05-01 19:10:30,568 "GET /admin/jsi18n/ HTTP/1.1" 200 3343
INFO 2024-05-01 19:10:45,823 "GET /admin/auth/group/add/ HTTP/1.1" 200 20828
INFO 2024-05-01 19:10:46,096 "GET /admin/jsi18n/ HTTP/1.1" 200 3343
INFO 2024-05-01 19:16:24,767 "POST /admin/auth/group/add/ HTTP/1.1" 302 0
INFO 2024-05-01 19:16:24,923 "GET /admin/auth/group/ HTTP/1.1" 200 13514
INFO 2024-05-01 19:16:25,211 "GET /admin/jsi18n/ HTTP/1.1" 200 3343
INFO 2024-05-01 19:16:28,411 "GET /admin/auth/group/4/change/ HTTP/1.1" 200 21164
INFO 2024-05-01 19:16:28,758 "GET /admin/jsi18n/ HTTP/1.1" 200 3343
INFO 2024-05-01 19:16:59,911 "POST /admin/auth/group/4/change/ HTTP/1.1" 302 0
INFO 2024-05-01 19:17:00,109 "GET /admin/auth/group/ HTTP/1.1" 200 13516
INFO 2024-05-01 19:17:00,381 "GET /admin/jsi18n/ HTTP/1.1" 200 3343
INFO 2024-05-01 19:17:44,429 "GET /admin/auth/user/add/ HTTP/1.1" 200 14342
INFO 2024-05-01 19:17:44,627 "GET /admin/jsi18n/ HTTP/1.1" 200 3343
INFO 2024-05-01 19:18:04,768 "GET /admin/auth/group/ HTTP/1.1" 200 13317
INFO 2024-05-01 19:18:09,665 "GET /admin/auth/group/4/change/ HTTP/1.1" 200 21164
INFO 2024-05-01 19:18:11,429 "GET /admin/auth/group/ HTTP/1.1" 200 13317
INFO 2024-05-01 19:18:12,509 "GET /admin/auth/group/add/ HTTP/1.1" 200 20828
